<?xml version="1.0" encoding="UTF-8"?>
<!-- Generated by org.testng.reporters.JUnitReportReporter -->
<testsuite hostname="U3-DPE-CPB-0153" name="TestPractice.MavenProject.WebDriverTest" tests="1" failures="0" timestamp="8 Dec 2015 07:57:02 GMT" time="10.282" errors="0">
  <testcase name="FirstTest" time="10.282" classname="TestPractice.MavenProject.WebDriverTest"/>
</testsuite> <!-- TestPractice.MavenProject.WebDriverTest -->
