<?xml version="1.0" encoding="UTF-8"?>
<!-- Generated by org.testng.reporters.JUnitReportReporter -->
<testsuite hostname="U3-DPE-CPB-0153" name="TestPractice.MavenProject.WebDriverTest" tests="1" failures="0" timestamp="4 Dec 2015 12:25:20 GMT" time="17.956" errors="0">
  <testcase name="FirstTest" time="17.956" classname="TestPractice.MavenProject.WebDriverTest"/>
</testsuite> <!-- TestPractice.MavenProject.WebDriverTest -->
